This is pdfTeX, Version 3.14159265-2.6-1.40.16 (TeX Live 2015/Debian) (preloaded format=pdflatex 2017.5.16)  9 JUN 2017 12:29
entering extended mode
 restricted \write18 enabled.
 %&-line parsing enabled.
**ngspiceRef.tex
(./ngspiceRef.tex
LaTeX2e <2016/02/01>
Babel <3.9q> and hyphenation patterns for 3 language(s) loaded.
(/usr/share/texlive/texmf-dist/tex/latex/base/article.cls
Document Class: article 2014/09/29 v1.4h Standard LaTeX document class
(/usr/share/texlive/texmf-dist/tex/latex/base/size10.clo
File: size10.clo 2014/09/29 v1.4h Standard LaTeX file (size option)
)
\c@part=\count79
\c@section=\count80
\c@subsection=\count81
\c@subsubsection=\count82
\c@paragraph=\count83
\c@subparagraph=\count84
\c@figure=\count85
\c@table=\count86
\abovecaptionskip=\skip41
\belowcaptionskip=\skip42
\bibindent=\dimen102
)
(/usr/share/texlive/texmf-dist/tex/latex/base/fontenc.sty
Package: fontenc 2005/09/27 v1.99g Standard LaTeX package

(/usr/share/texlive/texmf-dist/tex/latex/base/t1enc.def
File: t1enc.def 2005/09/27 v1.99g Standard LaTeX file
LaTeX Font Info:    Redeclaring font encoding T1 on input line 48.
)) (./ngspiceRef.aux)
\openout1 = `ngspiceRef.aux'.

LaTeX Font Info:    Checking defaults for OML/cmm/m/it on input line 12.
LaTeX Font Info:    ... okay on input line 12.
LaTeX Font Info:    Checking defaults for T1/cmr/m/n on input line 12.
LaTeX Font Info:    ... okay on input line 12.
LaTeX Font Info:    Checking defaults for OT1/cmr/m/n on input line 12.
LaTeX Font Info:    ... okay on input line 12.
LaTeX Font Info:    Checking defaults for OMS/cmsy/m/n on input line 12.
LaTeX Font Info:    ... okay on input line 12.
LaTeX Font Info:    Checking defaults for OMX/cmex/m/n on input line 12.
LaTeX Font Info:    ... okay on input line 12.
LaTeX Font Info:    Checking defaults for U/cmr/m/n on input line 12.
LaTeX Font Info:    ... okay on input line 12.
LaTeX Font Info:    External font `cmex10' loaded for size
(Font)              <12> on input line 14.
LaTeX Font Info:    External font `cmex10' loaded for size
(Font)              <8> on input line 14.
LaTeX Font Info:    External font `cmex10' loaded for size
(Font)              <6> on input line 14.

Underfull \hbox (badness 10000) in paragraph at lines 17--27

 []


Underfull \hbox (badness 10000) in paragraph at lines 17--27

 []


Underfull \hbox (badness 10000) in paragraph at lines 17--27

 []


Underfull \hbox (badness 10000) in paragraph at lines 28--38

 []

LaTeX Font Info:    External font `cmex10' loaded for size
(Font)              <7> on input line 40.
LaTeX Font Info:    External font `cmex10' loaded for size
(Font)              <5> on input line 40.

Overfull \hbox (131.97272pt too wide) in paragraph at lines 40--61
[][] 
 []


Underfull \hbox (badness 10000) in paragraph at lines 64--65

 []

[1

{/var/lib/texmf/fonts/map/pdftex/updmap/pdftex.map}]
Overfull \hbox (4.85901pt too wide) in paragraph at lines 67--73
\T1/cmr/m/n/10 meas <test> <meau-re-ment-Type> <quan-tity> <ad-di-tion-al-Spec-
i-fiers(optional)> 
 []


Underfull \hbox (badness 10000) in paragraph at lines 67--73

 []


Underfull \hbox (badness 10000) in paragraph at lines 74--77

 []


Overfull \hbox (5.35559pt too wide) in paragraph at lines 78--82
\T1/cmr/m/n/10 meas TRAN <name-For-Value> MAX <quan-tity> meas TRAN <name-For-V
alue>
 []

[2] (./ngspiceRef.aux) ) 
Here is how much of TeX's memory you used:
 447 strings out of 494953
 4138 string characters out of 6180977
 52263 words of memory out of 5000000
 3798 multiletter control sequences out of 15000+600000
 10990 words of font info for 29 fonts, out of 8000000 for 9000
 14 hyphenation exceptions out of 8191
 23i,7n,18p,145b,190s stack positions out of 5000i,500n,10000p,200000b,80000s
 </home/Joseph/.texmf-var/fonts/pk/ljfour/jknappen/ec/e
cbx1200.600pk> </home/Joseph/.texmf-var/fonts/pk/ljfour/jknappen/ec/ecrm1000.60
0pk> </home/Joseph/.texmf-var/fonts/pk/ljfour/jknappen/ec/ecbx1440.600pk> </hom
e/Joseph/.texmf-var/fonts/pk/ljfour/jknappen/ec/ecrm1200.600pk> </home/Joseph/.
texmf-var/fonts/pk/ljfour/jknappen/ec/ecrm1728.600pk>
Output written on ngspiceRef.pdf (2 pages, 46063 bytes).
PDF statistics:
 174 PDF objects out of 1000 (max. 8388607)
 26 compressed objects within 1 object stream
 0 named destinations out of 1000 (max. 500000)
 1 words of extra memory for PDF output out of 10000 (max. 10000000)

